build/intermediates/manifest_merge_blame_file/debug/manifest-merger-blame-debug-report.txt
1<?xml version="1.0" encoding="utf-8"?>
2<manifest xmlns:android="http://schemas.android.com/apk/res/android"
3    package="com.nsmiles.happybeingsdklib"
4    android:versionCode="1"
5    android:versionName="1.0" >
6
7    <uses-sdk
8        android:minSdkVersion="21"
8-->src/main/AndroidManifest.xml
9        android:targetSdkVersion="29" />
9-->src/main/AndroidManifest.xml
10
11    <uses-permission android:name="android.permission.INTERNET" />
11-->src/main/AndroidManifest.xml:3:5-67
11-->src/main/AndroidManifest.xml:3:22-64
12    <uses-permission android:name="android.permission.ACCESS_NETWORK_STATE" />
12-->src/main/AndroidManifest.xml:4:5-79
12-->src/main/AndroidManifest.xml:4:22-76
13    <uses-permission android:name="android.permission.READ_EXTERNAL_STORAGE" />
13-->src/main/AndroidManifest.xml:5:5-80
13-->src/main/AndroidManifest.xml:5:22-77
14    <uses-permission android:name="android.permission.WRITE_EXTERNAL_STORAGE" />
14-->src/main/AndroidManifest.xml:6:5-81
14-->src/main/AndroidManifest.xml:6:22-78
15    <uses-permission android:name="android.permission.CAMERA" />
15-->src/main/AndroidManifest.xml:7:5-65
15-->src/main/AndroidManifest.xml:7:22-62
16
17    <application
17-->src/main/AndroidManifest.xml:9:5-62:19
18        android:name="com.nsmiles.happybeingsdklib.dagger.application.BaseApplication"
18-->src/main/AndroidManifest.xml:10:9-59
19        android:theme="@style/AppTheme" >
19-->src/main/AndroidManifest.xml:11:9-40
20        <activity
20-->src/main/AndroidManifest.xml:12:9-14:47
21            android:name="com.nsmiles.happybeingsdklib.UI.HomeScreenActivity"
21-->src/main/AndroidManifest.xml:12:19-56
22            android:screenOrientation="portrait"
22-->src/main/AndroidManifest.xml:13:13-49
23            android:theme="@style/AppTheme" />
23-->src/main/AndroidManifest.xml:14:13-44
24        <activity
24-->src/main/AndroidManifest.xml:15:9-17:47
25            android:name="com.nsmiles.happybeingsdklib.UI.IntroSliderActivity"
25-->src/main/AndroidManifest.xml:15:19-57
26            android:screenOrientation="portrait"
26-->src/main/AndroidManifest.xml:16:13-49
27            android:theme="@style/AppTheme" />
27-->src/main/AndroidManifest.xml:17:13-44
28        <activity
28-->src/main/AndroidManifest.xml:18:9-20:47
29            android:name="com.nsmiles.happybeingsdklib.UI.HappyBeingLaunchScreen"
29-->src/main/AndroidManifest.xml:18:19-60
30            android:screenOrientation="portrait"
30-->src/main/AndroidManifest.xml:19:13-49
31            android:theme="@style/AppTheme" />
31-->src/main/AndroidManifest.xml:20:13-44
32        <activity
32-->src/main/AndroidManifest.xml:21:9-23:47
33            android:name="com.nsmiles.happybeingsdklib.UI.WebViewActivity"
33-->src/main/AndroidManifest.xml:21:19-53
34            android:screenOrientation="portrait"
34-->src/main/AndroidManifest.xml:22:13-49
35            android:theme="@style/AppTheme" />
35-->src/main/AndroidManifest.xml:23:13-44
36        <activity
36-->src/main/AndroidManifest.xml:24:9-26:47
37            android:name="com.nsmiles.happybeingsdklib.UI.gratitude.ExpressGratitudeOthers"
37-->src/main/AndroidManifest.xml:24:19-70
38            android:screenOrientation="portrait"
38-->src/main/AndroidManifest.xml:25:13-49
39            android:theme="@style/AppTheme" />
39-->src/main/AndroidManifest.xml:26:13-44
40        <activity
40-->src/main/AndroidManifest.xml:27:9-29:47
41            android:name="com.nsmiles.happybeingsdklib.UI.gratitude.ExpressGratitudeSelfLove"
41-->src/main/AndroidManifest.xml:27:19-72
42            android:screenOrientation="portrait"
42-->src/main/AndroidManifest.xml:28:13-49
43            android:theme="@style/AppTheme" />
43-->src/main/AndroidManifest.xml:29:13-44
44        <activity
44-->src/main/AndroidManifest.xml:30:9-32:47
45            android:name="com.nsmiles.happybeingsdklib.UI.gratitude.ExpressGratitudeToday"
45-->src/main/AndroidManifest.xml:30:19-69
46            android:screenOrientation="portrait"
46-->src/main/AndroidManifest.xml:31:13-49
47            android:theme="@style/AppTheme" />
47-->src/main/AndroidManifest.xml:32:13-44
48        <activity
48-->src/main/AndroidManifest.xml:33:9-35:47
49            android:name="com.nsmiles.happybeingsdklib.UI.gratitude.HappyMomentView"
49-->src/main/AndroidManifest.xml:33:19-63
50            android:screenOrientation="portrait"
50-->src/main/AndroidManifest.xml:34:13-49
51            android:theme="@style/AppTheme" />
51-->src/main/AndroidManifest.xml:35:13-44
52        <activity
52-->src/main/AndroidManifest.xml:36:9-38:47
53            android:name="com.nsmiles.happybeingsdklib.MindGym.VentOutJournal"
53-->src/main/AndroidManifest.xml:36:19-57
54            android:screenOrientation="portrait"
54-->src/main/AndroidManifest.xml:37:13-49
55            android:theme="@style/AppTheme" />
55-->src/main/AndroidManifest.xml:38:13-44
56        <activity
56-->src/main/AndroidManifest.xml:39:9-41:47
57            android:name="com.nsmiles.happybeingsdklib.MindGym.PlayRelaxAudioActivity"
57-->src/main/AndroidManifest.xml:39:19-65
58            android:screenOrientation="portrait"
58-->src/main/AndroidManifest.xml:40:13-49
59            android:theme="@style/AppTheme" />
59-->src/main/AndroidManifest.xml:41:13-44
60        <activity
60-->src/main/AndroidManifest.xml:42:9-44:47
61            android:name="com.nsmiles.happybeingsdklib.MindGym.RelaxAudiosActivity"
61-->src/main/AndroidManifest.xml:42:19-62
62            android:screenOrientation="portrait"
62-->src/main/AndroidManifest.xml:43:13-49
63            android:theme="@style/AppTheme" />
63-->src/main/AndroidManifest.xml:44:13-44
64        <activity
64-->src/main/AndroidManifest.xml:45:9-47:47
65            android:name="com.nsmiles.happybeingsdklib.Reports.pregnancywellbeing.SingleWellBeingReportActivity"
65-->src/main/AndroidManifest.xml:45:19-91
66            android:screenOrientation="portrait"
66-->src/main/AndroidManifest.xml:46:13-49
67            android:theme="@style/AppTheme" />
67-->src/main/AndroidManifest.xml:47:13-44
68        <activity
68-->src/main/AndroidManifest.xml:48:9-50:47
69            android:name="com.nsmiles.happybeingsdklib.UI.payment.SubscriptionActivity"
69-->src/main/AndroidManifest.xml:48:19-66
70            android:screenOrientation="portrait"
70-->src/main/AndroidManifest.xml:49:13-49
71            android:theme="@style/AppTheme" />
71-->src/main/AndroidManifest.xml:50:13-44
72        <activity android:name="com.nsmiles.happybeingsdklib.MindGymFav.RelaxFavouritesActivity" />
72-->src/main/AndroidManifest.xml:51:9-72
72-->src/main/AndroidManifest.xml:51:19-69
73        <activity android:name="com.nsmiles.happybeingsdklib.MindGym.RecommendFoodActivity" />
73-->src/main/AndroidManifest.xml:52:9-67
73-->src/main/AndroidManifest.xml:52:19-64
74        <activity android:name="com.nsmiles.happybeingsdklib.NatureCalm.NatureCalmActivity" />
74-->src/main/AndroidManifest.xml:53:9-67
74-->src/main/AndroidManifest.xml:53:19-64
75        <activity android:name="com.nsmiles.happybeingsdklib.MindGym.VentoutRecording" />
75-->src/main/AndroidManifest.xml:54:9-62
75-->src/main/AndroidManifest.xml:54:19-59
76        <activity android:name="com.nsmiles.happybeingsdklib.wellbeingassessment.activity.WellBeingAssessmentActivity" />
76-->src/main/AndroidManifest.xml:55:9-94
76-->src/main/AndroidManifest.xml:55:19-91
77        <activity android:name="com.nsmiles.happybeingsdklib.Affimations.AffirmationScreen" />
77-->src/main/AndroidManifest.xml:56:9-67
77-->src/main/AndroidManifest.xml:56:19-64
78        <activity android:name="com.nsmiles.happybeingsdklib.playaudio.fragment.PlayAudioActivity" />
78-->src/main/AndroidManifest.xml:57:9-74
78-->src/main/AndroidManifest.xml:57:19-71
79        <activity android:name="com.nsmiles.happybeingsdklib.wellbeingassessment.activity.AssessmentDetailsActivity" />
79-->src/main/AndroidManifest.xml:58:9-92
79-->src/main/AndroidManifest.xml:58:19-89
80
81        <service android:name="com.nsmiles.happybeingsdklib.Services.DownloadService" />
81-->src/main/AndroidManifest.xml:60:9-61
81-->src/main/AndroidManifest.xml:60:18-58
82        <service android:name="com.nsmiles.happybeingsdklib.Services.CoachDownloadService" />
82-->src/main/AndroidManifest.xml:61:9-66
82-->src/main/AndroidManifest.xml:61:18-63
83    </application>
84
85</manifest>